<?xml version="1.0" encoding="UTF-8"?>
<!-- Generated by org.testng.reporters.JUnitReportReporter -->
<testsuite hostname="DESKTOP-RCPETJS" failures="0" tests="1" name="com.seleniumtest.tests.ExecutionTest" time="17.222" errors="0" timestamp="2024-12-05T11:28:42 IST" skipped="0">
  <testcase classname="com.seleniumtest.tests.ExecutionTest" name="verifyLoginTest" time="17.222"/>
</testsuite> <!-- com.seleniumtest.tests.ExecutionTest -->
